
 Sample            1  , trial            1
                               
 *--*--*--*--*--*--*--*--*--*--
 |  |        |  |     |     |  
 *--*--*  *  *  *  *  *  *  *  
 |  |  |  |  |  |        |     
 *  *--*  *--*  *  *  *--*  *  
 |     |  |        |           
 *  *--*--*--*  *  *--*--*--*  
                |        |  |  
 *--*  *--*  *  *--*  *  *  *  
    |              |        |  
 *--*  *  *--*  *--*  *--*  *  
 |     |     |  |           |  
 *  *--*  *--*--*--*--*  *  *  
 |     |        |  |  |        
 *  *  *--*--*--*--*--*--*--*  
       |           |     |  |  
 *--*  *  *--*--*  *--*--*--*  
 |  |     |           |  |  |  
 *  *  *--*  *  *--*--*--*  *  
 |     |  |        |           
 *--*--*--*--*--*--*--*--*--*--

 Face labeling...

 10, 8, 8, 8, 1, 1, 1, 1, 1, 1,
  1, 9, 8, 8, 1, 1, 1, 1, 1, 1,
  1, 1, 8, 1, 1, 1, 1, 1, 1, 1,
  1, 1, 1, 1, 1, 1, 1, 1, 1, 1,
  1, 1, 1, 1, 1, 1, 1, 1, 1, 1,
  1, 1, 1, 1, 1, 1, 1, 1, 1, 1,
  1, 1, 1, 1, 1, 6, 7, 1, 1, 1,
  1, 1, 1, 1, 1, 1, 4, 4, 5, 1,
  1, 1, 1, 1, 1, 1, 1, 3, 1, 1,
  1, 1, 2, 1, 1, 1, 1, 1, 1, 1,

 No spanning cluster

 Sample            1  , trial            2
                               
 *--*--*--*--*--*--*--*--*--*--
 |  |  |     |     |  |        
 *--*  *--*--*  *--*--*  *  *  
          |     |  |     |  |  
 *  *  *--*  *  *  *  *  *--*  
    |     |  |  |        |     
 *  *  *--*--*--*  *  *--*--*  
       |  |  |  |     |  |  |  
 *--*  *--*  *  *--*  *  *--*  
          |  |  |     |        
 *--*  *--*--*  *  *--*  *--*  
 |     |           |  |  |     
 *--*  *  *--*--*  *--*--*--*  
       |           |     |  |  
 *  *  *  *--*--*  *  *  *--*  
 |     |  |     |        |     
 *--*  *--*--*  *  *--*  *  *  
 |     |        |  |  |     |  
 *--*--*--*--*--*--*  *--*  *  
    |  |  |  |  |  |           
 *--*--*--*--*--*--*--*--*--*--

 Face labeling...

 15, 1,16,16,14,14,17, 7, 7, 7,
  1, 1, 1,14,14, 7, 7, 7, 7, 7,
  1, 1, 1,14,14, 7, 7, 7, 7, 7,
  1, 1,12,11, 7, 7, 7, 7,13, 7,
  1, 1, 1,11, 7, 7, 7, 7, 7, 7,
  1, 1, 7, 7, 7, 7,10, 7, 7, 7,
  1, 1, 7, 7, 7, 7, 7, 7, 9, 7,
  1, 1, 7, 8, 8, 7, 7, 7, 7, 7,
  1, 1, 8, 8, 8, 7, 7, 7, 7, 7,
  1, 2, 3, 4, 5, 6, 7, 7, 7, 7,

 Has spanning cluster

 After remove()
                               
 *--*--*--*--*--*--*--*--*--*--
       |     |     |  |        
 *--*  *--*--*  *--*--*  *  *  
          |     |              
 *  *  *  *  *  *  *  *  *  *  
          |     |              
 *  *  *--*--*--*  *  *  *--*  
       |  |  |           |  |  
 *  *  *--*  *  *  *  *  *--*  
          |  |                 
 *  *  *--*--*  *  *--*  *  *  
       |           |  |        
 *  *  *  *  *  *  *--*  *--*  
       |                 |  |  
 *  *  *  *--*--*  *  *  *--*  
       |  |     |              
 *  *  *--*  *  *  *  *  *  *  
       |        |              
 *  *--*--*--*--*--*  *  *  *  
    |  |  |  |  |  |           
 *--*--*--*--*--*--*--*--*--*--

 The backbone:
                               
 *--*--*--*--*--*--*--*--*--*--
       |     |     |  |        
 *  *  *--*--*  *--*--*  *  *  
          |     |              
 *  *  *  *  *  *  *  *  *  *  
          |     |              
 *  *  *--*--*--*  *  *  *  *  
       |  |  |                 
 *  *  *--*  *  *  *  *  *  *  
          |  |                 
 *  *  *--*--*  *  *  *  *  *  
       |                       
 *  *  *  *  *  *  *  *  *  *  
       |                       
 *  *  *  *--*--*  *  *  *  *  
       |  |     |              
 *  *  *--*  *  *  *  *  *  *  
       |        |              
 *  *--*--*--*--*--*  *  *  *  
    |  |  |  |  |  |           
 *--*--*--*--*--*--*--*--*--*--

 Vertice labeling...

  1, 1, 1, 1, 1, 1, 1, 1, 1, 1,
 47,47, 1, 1, 1, 1, 1, 1,48,49,
 39,40,41, 1,42, 1,43,44,45,46,
 35,36, 1, 1, 1, 1,37,38,34,34,
 29,30, 1, 1, 1,31,32,33,34,34,
 24,25, 1, 1, 1,26,23,23,27,28,
 18,19, 1,20,21,22,23,23,17,17,
 13,14, 1, 1, 1, 1,15,16,17,17,
  6, 7, 1, 1, 8, 1, 9,10,11,12,
  2, 1, 1, 1, 1, 1, 1, 3, 4, 5,
  1, 1, 1, 1, 1, 1, 1, 1, 1, 1,


 Sample            2  , trial            1
                               
 *--*--*--*--*--*--*--*--*--*--
 |           |     |           
 *  *  *  *  *  *  *--*--*--*  
 |        |  |     |  |  |     
 *--*  *  *  *  *  *  *  *  *  
       |              |        
 *--*--*--*--*  *--*  *  *  *  
 |           |  |     |  |     
 *--*--*  *--*--*--*--*  *  *  
    |     |              |     
 *  *--*  *  *--*--*--*  *  *  
       |                 |  |  
 *  *--*  *--*--*  *  *--*  *  
 |           |           |  |  
 *  *  *--*  *  *  *  *  *--*  
             |     |  |     |  
 *--*  *--*--*--*  *--*  *  *  
          |  |  |     |     |  
 *  *  *--*  *--*--*--*--*  *  
    |  |        |  |  |  |     
 *--*--*--*--*--*--*--*--*--*--

 Face labeling...

  1, 1, 1, 1, 1, 1, 1, 1, 1, 1,
  1, 1, 1, 1, 1, 1, 1, 1, 1, 1,
  1, 1, 1, 1, 1, 1, 1, 1, 1, 1,
  1, 1, 1, 1, 1, 1, 1, 1, 1, 1,
  1, 1, 1, 1, 1, 1, 1, 1, 1, 1,
  1, 1, 1, 1, 1, 1, 1, 1, 1, 1,
  1, 1, 1, 1, 1, 1, 1, 1, 1, 1,
  1, 1, 1, 1, 1, 1, 1, 1, 1, 1,
  1, 1, 1, 2, 6, 1, 1, 1, 1, 1,
  1, 1, 2, 2, 2, 3, 4, 5, 1, 1,

 No spanning cluster

 Sample            2  , trial            2
                               
 *--*--*--*--*--*--*--*--*--*--
 |  |     |  |  |              
 *--*--*  *  *--*  *  *  *  *  
    |  |  |  |  |  |  |  |  |  
 *--*--*  *  *  *  *  *  *  *  
 |     |     |  |  |     |  |  
 *  *  *--*--*--*  *--*--*  *  
 |  |     |           |     |  
 *--*  *--*  *--*--*--*--*  *  
 |  |  |              |        
 *--*--*--*--*--*  *  *--*--*  
    |           |     |  |     
 *--*--*--*--*  *--*--*  *  *  
    |  |  |  |  |  |           
 *  *  *--*--*  *--*--*--*  *  
    |  |           |     |     
 *--*  *  *--*  *--*--*--*  *  
                |  |  |  |     
 *  *--*  *--*--*--*  *  *--*  
 |              |  |  |     |  
 *--*--*--*--*--*--*--*--*--*--

 Face labeling...

 16,13,13,13,17, 5, 5, 5, 5, 5,
  1,15,13,13,14, 5, 5, 5, 5, 5,
 12,12,13,13,14, 5, 5, 5, 5, 5,
 12,12,12, 5, 5, 5, 5, 5, 5, 5,
 11,12, 5, 5, 5, 5, 5, 5, 5, 5,
  1, 1, 1, 1, 1, 5, 5, 5, 5, 5,
  1, 1, 8, 9, 1,10, 5, 5, 5, 5,
  1, 1, 1, 1, 1, 1, 7, 7, 5, 5,
  1, 1, 1, 1, 1, 6, 3, 4, 5, 5,
  1, 1, 1, 1, 1, 2, 3, 4, 4, 5,

 Has spanning cluster

 After remove()
                               
 *--*--*--*--*--*--*--*--*--*--
 |  |        |  |              
 *--*--*  *  *--*  *  *  *  *  
    |  |     |  |              
 *--*--*  *  *  *  *  *  *  *  
 |     |     |  |              
 *  *  *--*--*--*  *  *  *  *  
 |        |                    
 *--*  *--*  *  *  *  *  *  *  
 |  |  |                       
 *--*--*--*--*--*  *  *  *  *  
                |              
 *  *  *--*--*  *--*  *  *  *  
       |  |  |  |  |           
 *  *  *--*--*  *--*--*--*  *  
                   |     |     
 *  *  *  *  *  *--*--*--*  *  
                |  |  |  |     
 *  *  *  *  *  *--*  *  *--*  
                |  |  |     |  
 *--*--*--*--*--*--*--*--*--*--

 The backbone:
                               
 *--*--*--*--*--*--*--*--*--*--
 |  |        |  |              
 *--*--*  *  *--*  *  *  *  *  
    |  |     |  |              
 *--*--*  *  *  *  *  *  *  *  
 |     |     |  |              
 *  *  *--*--*--*  *  *  *  *  
 |        |                    
 *--*  *--*  *  *  *  *  *  *  
 |  |  |                       
 *--*--*--*--*--*  *  *  *  *  
                |              
 *  *  *  *  *  *--*  *  *  *  
                |  |           
 *  *  *  *  *  *--*--*--*  *  
                   |     |     
 *  *  *  *  *  *--*--*--*  *  
                |  |  |  |     
 *  *  *  *  *  *--*  *  *--*  
                |  |  |     |  
 *--*--*--*--*--*--*--*--*--*--

 Vertice labeling...

  1, 1, 1, 1, 1, 1, 1, 1, 1, 1,
  1, 1, 1,42, 1, 1,43,44,45,46,
  1, 1, 1,37, 1, 1,38,39,40,41,
  1,32, 1, 1, 1, 1,33,34,35,36,
  1, 1, 1, 1,26,27,28,29,30,31,
  1, 1, 1, 1, 1, 1,22,23,24,25,
 17,18,15,15,15, 1, 1,19,20,21,
 13,14,15,15,15, 1, 1, 1, 1,16,
  7, 8, 9,10,11, 1, 1, 1, 1,12,
  2, 3, 4, 5, 6, 1, 1, 1, 1, 1,
  1, 1, 1, 1, 1, 1, 1, 1, 1, 1,


 Sample            3  , trial            1
                               
 *--*--*--*--*--*--*--*--*--*--
 |  |     |  |        |        
 *--*  *--*--*--*  *  *--*  *  
 |  |  |     |  |  |  |  |  |  
 *  *  *--*  *  *--*  *--*--*  
 |  |     |     |        |     
 *--*--*--*--*--*--*  *  *  *  
          |        |     |  |  
 *--*  *--*--*  *--*  *--*--*  
       |  |  |        |        
 *  *--*  *  *--*  *  *  *  *  
       |  |  |                 
 *--*  *  *--*--*  *  *--*--*  
       |  |  |        |  |  |  
 *--*  *  *--*  *  *--*--*--*  
 |  |  |  |     |  |  |  |  |  
 *--*--*--*--*--*  *  *  *  *  
 |     |              |     |  
 *  *--*  *  *  *--*--*  *--*  
 |     |  |  |        |        
 *--*--*--*--*--*--*--*--*--*--

 Face labeling...

 14,11,11,15, 2, 2, 2, 2, 2, 2,
 10,11,12,12,12, 2, 2,13, 2, 2,
 10,11,11,12,12, 2, 2, 2, 2, 2,
  4, 4, 4, 2, 2, 2, 2, 2, 2, 2,
  4, 4, 5, 9, 2, 2, 2, 2, 2, 2,
  4, 4, 5, 9, 2, 2, 2, 2, 2, 2,
  4, 4, 5, 6, 2, 2, 2, 7, 8, 2,
  3, 4, 5, 2, 2, 2, 2, 2, 2, 2,
  1, 1, 2, 2, 2, 2, 2, 2, 2, 2,
  1, 1, 2, 2, 2, 2, 2, 2, 2, 2,

 Has spanning cluster

 After remove()
                               
 *--*--*--*--*--*--*--*--*--*--
 |  |     |  |                 
 *--*  *--*--*--*  *  *--*  *  
 |  |  |        |     |  |     
 *  *  *--*  *  *  *  *--*  *  
 |  |     |     |              
 *--*--*--*--*--*  *  *  *  *  
          |                    
 *  *  *--*--*  *  *  *  *  *  
       |  |  |                 
 *  *  *  *  *  *  *  *  *  *  
       |  |  |                 
 *  *  *  *--*  *  *  *--*--*  
       |  |  |        |  |  |  
 *--*  *  *--*  *  *  *--*--*  
 |  |  |  |                    
 *--*--*--*  *  *  *  *  *  *  
 |     |                       
 *  *  *  *  *  *  *  *  *  *  
 |     |                       
 *--*--*--*--*--*--*--*--*--*--

 The backbone:
                               
 *--*--*--*--*--*--*--*--*--*--
 |  |     |  |                 
 *--*  *--*--*--*  *  *  *  *  
 |  |  |        |              
 *  *  *--*  *  *  *  *  *  *  
 |  |     |     |              
 *--*--*--*--*--*  *  *  *  *  
          |                    
 *  *  *--*--*  *  *  *  *  *  
       |  |  |                 
 *  *  *  *  *  *  *  *  *  *  
       |  |  |                 
 *  *  *  *--*  *  *  *  *  *  
       |  |  |                 
 *--*  *  *--*  *  *  *  *  *  
 |  |  |  |                    
 *--*--*--*  *  *  *  *  *  *  
 |     |                       
 *  *  *  *  *  *  *  *  *  *  
 |     |                       
 *--*--*--*--*--*--*--*--*--*--

 Vertice labeling...

  1, 1, 1, 1, 1, 1, 1, 1, 1, 1,
  1, 1, 1, 1, 1, 1,45,43,43,46,
  1, 1, 1, 1,41, 1,42,43,43,44,
  1, 1, 1, 1, 1, 1,37,38,39,40,
 30,31, 1, 1, 1,32,33,34,35,36,
 23,24, 1, 1, 1,25,26,27,28,29,
 19,20, 1, 1, 1,21,22,18,18,18,
  1, 1, 1, 1, 1,16,17,18,18,18,
  1, 1, 1, 1,10,11,12,13,14,15,
  1, 2, 1, 3, 4, 5, 6, 7, 8, 9,
  1, 1, 1, 1, 1, 1, 1, 1, 1, 1,


 Sample            4  , trial            1
                               
 *--*--*--*--*--*--*--*--*--*--
          |        |     |     
 *--*--*--*  *--*  *  *  *  *  
 |  |  |     |     |     |     
 *  *--*--*  *  *  *  *--*  *  
 |     |           |           
 *--*--*  *  *--*  *--*  *--*  
       |     |  |     |     |  
 *--*--*--*--*  *--*--*  *  *  
                |  |  |     |  
 *  *  *--*--*  *--*--*  *--*  
 |     |  |  |  |  |  |        
 *--*--*--*  *  *--*  *--*--*  
 |  |  |     |           |     
 *  *--*  *  *--*  *--*--*--*  
    |              |     |  |  
 *--*--*--*--*  *--*  *  *  *  
    |  |     |  |  |  |        
 *  *  *  *  *--*  *  *  *  *  
 |     |  |  |     |     |     
 *--*--*--*--*--*--*--*--*--*--

 Face labeling...

  1, 1, 1,10,10,10, 4, 4, 4, 4,
 11,12,10,10,10,10, 4, 4, 4, 4,
 11,11,10,10,10,10, 4, 4, 4, 4,
  1, 1,10,10, 1,10,10, 4, 4, 4,
  1, 1, 1, 1, 1, 8, 9, 4, 4, 4,
  1, 1, 6, 1, 1, 7, 1, 4, 4, 4,
  1, 5, 1, 1, 1, 1, 1, 1, 4, 4,
  1, 1, 1, 1, 1, 1, 4, 4, 4, 4,
  1, 1, 2, 2, 1, 3, 4, 4, 4, 4,
  1, 1, 2, 2, 3, 3, 4, 4, 4, 4,

 Has spanning cluster

 After remove()
                               
 *--*--*--*--*--*--*--*--*--*--
          |        |           
 *--*--*--*  *  *  *  *  *  *  
 |  |  |           |           
 *  *--*  *  *  *  *  *  *  *  
 |     |           |           
 *--*--*  *  *--*  *--*  *  *  
       |     |  |     |        
 *  *  *--*--*  *--*--*  *  *  
                |  |  |        
 *  *  *--*  *  *--*--*  *  *  
       |  |     |  |  |        
 *  *--*--*  *  *--*  *--*  *  
    |  |                 |     
 *  *--*  *  *  *  *--*--*  *  
                   |           
 *  *  *--*--*  *--*  *  *  *  
       |     |  |  |           
 *  *  *  *  *--*  *  *  *  *  
       |     |     |           
 *--*--*--*--*--*--*--*--*--*--

 The backbone:
                               
 *--*--*--*--*--*--*--*--*--*--
          |        |           
 *--*--*--*  *  *  *  *  *  *  
 |  |  |           |           
 *  *--*  *  *  *  *  *  *  *  
 |     |           |           
 *--*--*  *  *--*  *--*  *  *  
       |     |  |     |        
 *  *  *--*--*  *--*--*  *  *  
                |  |  |        
 *  *  *  *  *  *--*--*  *  *  
                |  |  |        
 *  *  *  *  *  *--*  *--*  *  
                         |     
 *  *  *  *  *  *  *--*--*  *  
                   |           
 *  *  *--*--*  *--*  *  *  *  
       |     |  |  |           
 *  *  *  *  *--*  *  *  *  *  
       |     |     |           
 *--*--*--*--*--*--*--*--*--*--

 Vertice labeling...

  1, 1, 1, 1, 1, 1, 1, 1, 1, 1,
  1, 1, 1, 1,41,42, 1,43,44,45,
  1, 1, 1,35,36,37, 1,38,39,40,
  1, 1, 1,32, 1, 1, 1, 1,33,34,
 28,29, 1, 1, 1, 1, 1, 1,30,31,
 23,24,20,20,25, 1, 1, 1,26,27,
 19,14,14,20,21, 1, 1, 1, 1,22,
 13,14,14,15,16,17, 1, 1, 1,18,
  8, 9, 1, 1, 1, 1, 1,10,11,12,
  2, 3, 1, 4, 1, 1, 1, 5, 6, 7,
  1, 1, 1, 1, 1, 1, 1, 1, 1, 1,


 Sample            5  , trial            1
                               
 *--*--*--*--*--*--*--*--*--*--
 |           |                 
 *--*--*--*--*--*  *  *--*  *  
          |     |  |     |     
 *  *  *  *  *--*  *--*  *--*  
 |     |     |     |  |        
 *--*--*--*--*--*--*--*--*--*  
 |  |  |              |  |  |  
 *--*  *  *  *--*  *--*--*  *  
 |  |     |     |  |  |  |  |  
 *  *--*--*  *  *  *--*  *--*  
 |        |           |  |  |  
 *  *  *  *--*  *--*--*  *  *  
       |  |     |           |  
 *  *  *--*--*--*  *  *--*--*  
                |        |     
 *--*  *  *--*  *  *  *  *--*  
 |  |     |  |     |     |     
 *--*--*--*  *--*--*  *--*--*  
    |        |     |  |  |     
 *--*--*--*--*--*--*--*--*--*--

 Face labeling...

 13,13,13,13, 5, 5, 5, 5, 5, 5,
  1, 1, 1, 1, 1, 5, 5, 5, 5, 5,
  1, 1, 1, 1, 5, 5,12, 5, 5, 5,
 10, 7, 7, 7, 7, 7, 7,11, 9, 5,
  1, 7, 7, 7, 7, 7, 8, 1, 9, 5,
  1, 1, 1, 7, 7, 7, 7, 1, 1, 5,
  1, 1, 1, 7, 7, 1, 1, 1, 1, 5,
  1, 1, 1, 1, 1, 1, 1, 1, 5, 5,
  6, 1, 1, 2, 1, 1, 1, 1, 5, 5,
  1, 2, 2, 2, 3, 3, 1, 4, 5, 5,

 Has spanning cluster

 After remove()
                               
 *--*--*--*--*--*--*--*--*--*--
 |           |                 
 *--*--*--*--*--*  *  *  *  *  
                |              
 *  *  *  *  *--*  *--*  *  *  
             |     |  |        
 *--*--*--*--*--*--*--*--*--*  
 |  |                 |  |  |  
 *--*  *  *  *  *  *--*--*  *  
    |              |  |  |  |  
 *  *--*--*  *  *  *--*  *--*  
          |           |     |  
 *  *  *  *  *  *--*--*  *  *  
          |     |           |  
 *  *  *  *--*--*  *  *  *--*  
                         |     
 *--*  *  *--*  *  *  *  *  *  
 |  |     |  |           |     
 *--*--*--*  *--*--*  *--*  *  
                      |  |     
 *--*--*--*--*--*--*--*--*--*--

 The backbone:
                               
 *--*--*--*--*--*--*--*--*--*--
 |           |                 
 *--*--*--*--*--*  *  *  *  *  
                |              
 *  *  *  *  *--*  *--*  *  *  
             |     |  |        
 *--*--*--*--*--*--*--*--*--*  
 |  |                 |  |  |  
 *--*  *  *  *  *  *--*--*  *  
    |              |  |  |  |  
 *  *--*--*  *  *  *--*  *--*  
          |           |     |  
 *  *  *  *  *  *--*--*  *  *  
          |     |           |  
 *  *  *  *--*--*  *  *  *--*  
                         |     
 *  *  *  *  *  *  *  *  *  *  
                         |     
 *  *  *  *  *  *  *  *--*  *  
                      |  |     
 *--*--*--*--*--*--*--*--*--*--

 Vertice labeling...

  1, 1, 1, 1, 1, 1, 1, 1, 1, 1,
  1, 1, 1, 1, 1, 1,32,33,34,35,
 26,27,28,29, 1, 1, 1, 1,30,31,
  1, 1, 1, 1, 1, 1, 1, 1, 1, 1,
  1, 1,22,23,24,25, 1, 1, 1, 1,
 19, 1, 1, 1,20,21, 1, 1, 1, 1,
 14,15,16, 1,17, 1, 1, 1,18, 1,
  9,10,11, 1, 1, 1,12,13, 1, 1,
  2, 2, 4, 2, 2, 5, 6, 7, 1, 8,
  2, 2, 2, 2, 2, 2, 2, 1, 1, 3,
  1, 1, 1, 1, 1, 1, 1, 1, 1, 1,


 Sample            6  , trial            1
                               
 *--*--*--*--*--*--*--*--*--*--
    |        |  |  |     |  |  
 *--*--*  *  *  *  *  *  *  *  
 |     |  |        |        |  
 *--*--*  *--*  *--*--*--*  *  
    |  |  |  |  |        |     
 *--*  *  *--*--*  *--*--*  *  
    |     |  |     |  |  |     
 *--*--*  *  *  *--*  *  *  *  
 |  |     |  |  |  |  |     |  
 *  *  *--*--*  *  *--*  *--*  
                   |        |  
 *  *  *  *  *  *  *  *  *  *  
 |        |  |  |  |  |  |  |  
 *  *--*  *--*--*--*--*  *  *  
          |  |              |  
 *  *  *  *  *--*--*  *  *  *  
       |        |     |  |  |  
 *--*--*  *  *  *--*--*--*--*  
             |  |  |  |  |  |  
 *--*--*--*--*--*--*--*--*--*--

 Face labeling...

  1, 1, 1, 1, 1, 1, 6, 6, 6, 6,
 10,10, 1, 1, 1, 1, 6, 6, 6, 6,
  1, 1, 1, 9, 1, 1, 1, 1, 6, 6,
  1, 1, 1, 7, 1, 1, 8, 6, 6, 6,
  1, 1, 1, 7, 1, 1, 8, 6, 6, 6,
  1, 1, 1, 1, 1, 1, 6, 6, 6, 6,
  1, 1, 1, 1, 1, 1, 6, 6, 6, 6,
  1, 1, 1, 1, 6, 6, 6, 6, 6, 6,
  1, 1, 1, 1, 1, 6, 6, 6, 6, 6,
  1, 1, 1, 1, 1, 2, 3, 4, 5, 6,

 Has spanning cluster

 After remove()
                               
 *--*--*--*--*--*--*--*--*--*--
                   |           
 *--*--*  *  *  *  *  *  *  *  
 |     |           |           
 *--*--*  *--*  *  *--*--*  *  
          |  |           |     
 *  *  *  *--*  *  *--*--*  *  
          |  |     |  |        
 *  *  *  *  *  *  *  *  *  *  
          |  |     |  |        
 *  *  *  *--*  *  *--*  *  *  
                   |           
 *  *  *  *  *  *  *  *  *  *  
                   |           
 *  *  *  *  *--*--*  *  *  *  
             |                 
 *  *  *  *  *--*  *  *  *  *  
                |              
 *  *  *  *  *  *--*--*--*--*  
                |  |  |  |  |  
 *--*--*--*--*--*--*--*--*--*--

 The backbone:
                               
 *--*--*--*--*--*--*--*--*--*--
                   |           
 *  *  *  *  *  *  *  *  *  *  
                   |           
 *  *  *  *  *  *  *--*--*  *  
                         |     
 *  *  *  *  *  *  *--*--*  *  
                   |  |        
 *  *  *  *  *  *  *  *  *  *  
                   |  |        
 *  *  *  *  *  *  *--*  *  *  
                   |           
 *  *  *  *  *  *  *  *  *  *  
                   |           
 *  *  *  *  *--*--*  *  *  *  
             |                 
 *  *  *  *  *--*  *  *  *  *  
                |              
 *  *  *  *  *  *--*--*--*--*  
                |  |  |  |  |  
 *--*--*--*--*--*--*--*--*--*--

 Vertice labeling...

  1, 1, 1, 1, 1, 1, 1, 1, 1, 1,
 49,49,49,52,53,54, 1,55,56,57,
 49,49,49,34,34,50, 1, 1, 1,51,
 44,45,46,34,34,47, 1, 1, 1,48,
 38,39,40,34,34,41, 1, 1,42,43,
 31,32,33,34,34,35, 1, 1,36,37,
 22,23,24,25,26,27, 1,28,29,30,
 15,16,17,18, 1, 1, 1,19,20,21,
  7, 8, 9,10, 1, 1,11,12,13,14,
  2, 3, 4, 5, 6, 1, 1, 1, 1, 1,
  1, 1, 1, 1, 1, 1, 1, 1, 1, 1,


 Sample            7  , trial            1
                               
 *--*--*--*--*--*--*--*--*--*--
 |                          |  
 *  *  *--*--*  *  *  *--*  *  
 |  |  |  |                 |  
 *--*  *--*--*--*  *  *--*--*  
    |  |  |  |  |  |  |     |  
 *  *--*--*--*  *  *  *--*  *  
 |  |  |     |        |  |  |  
 *  *  *  *  *  *--*--*--*  *  
 |     |     |  |        |     
 *  *--*  *  *  *  *--*  *  *  
       |     |     |  |  |     
 *--*  *  *  *  *--*--*  *  *  
    |        |  |     |        
 *  *--*--*  *--*  *  *  *  *  
 |        |     |  |  |  |  |  
 *  *  *--*--*  *  *--*--*  *  
    |  |  |           |        
 *  *--*  *  *--*--*--*--*  *  
       |  |     |        |  |  
 *--*--*--*--*--*--*--*--*--*--

 Face labeling...

  4, 4, 4, 4, 4, 4, 4, 4, 4, 4,
  4, 4, 9, 4, 4, 4, 4, 4, 4, 4,
  1, 4, 7, 8, 4, 4, 4, 4, 4, 4,
  1, 1, 1, 1, 4, 4, 4, 6, 4, 4,
  1, 1, 1, 1, 4, 4, 4, 4, 4, 4,
  1, 1, 1, 1, 4, 4, 5, 4, 4, 4,
  1, 1, 1, 1, 4, 1, 1, 4, 4, 4,
  1, 1, 1, 1, 1, 1, 1, 4, 4, 4,
  1, 1, 2, 1, 1, 1, 1, 4, 4, 4,
  1, 1, 2, 1, 1, 3, 3, 3, 4, 4,

 Has spanning cluster

 After remove()
                               
 *--*--*--*--*--*--*--*--*--*--
 |                             
 *  *  *--*  *  *  *  *  *  *  
 |     |  |                    
 *--*  *--*--*  *  *  *  *  *  
    |  |  |  |                 
 *  *--*--*--*  *  *  *--*  *  
             |        |  |     
 *  *  *  *  *  *  *  *--*  *  
             |                 
 *  *  *  *  *  *  *--*  *  *  
             |     |  |        
 *  *  *  *  *  *--*--*  *  *  
             |  |     |        
 *  *  *  *  *--*  *  *  *  *  
                      |        
 *  *  *--*  *  *  *  *  *  *  
       |  |           |        
 *  *  *  *  *  *--*--*--*  *  
                |        |     
 *--*--*--*--*--*--*--*--*--*--

 The backbone:
                               
 *--*--*--*--*--*--*--*--*--*--
 |                             
 *  *  *--*  *  *  *  *  *  *  
 |     |  |                    
 *--*  *--*--*  *  *  *  *  *  
    |  |  |  |                 
 *  *--*--*--*  *  *  *  *  *  
             |                 
 *  *  *  *  *  *  *  *  *  *  
             |                 
 *  *  *  *  *  *  *--*  *  *  
             |     |  |        
 *  *  *  *  *  *--*--*  *  *  
             |  |     |        
 *  *  *  *  *--*  *  *  *  *  
                      |        
 *  *  *  *  *  *  *  *  *  *  
                      |        
 *  *  *  *  *  *--*--*--*  *  
                |        |     
 *--*--*--*--*--*--*--*--*--*--

 Vertice labeling...

  1, 1, 1, 1, 1, 1, 1, 1, 1, 1,
  1,51, 1, 1,52,53,54,55,56,57,
  1, 1, 1, 1, 1,46,47,48,49,50,
 42, 1, 1, 1, 1,43,44,40,40,45,
 34,35,36,37, 1,38,39,40,40,41,
 27,28,29,30, 1,31, 1, 1,32,33,
 21,22,23,24, 1, 1, 1, 1,25,26,
 14,15,16,17, 1, 1,18, 1,19,20,
  7, 8, 4, 4, 9,10,11, 1,12,13,
  2, 3, 4, 4, 5, 1, 1, 1, 1, 6,
  1, 1, 1, 1, 1, 1, 1, 1, 1, 1,


 Sample            8  , trial            1
                               
 *--*--*--*--*--*--*--*--*--*--
 |  |  |  |        |  |  |  |  
 *  *--*  *  *  *  *--*--*--*  
       |  |     |  |     |  |  
 *--*  *  *--*--*  *--*  *--*  
    |        |        |  |     
 *  *--*--*--*  *--*  *  *--*  
 |     |     |  |     |  |     
 *--*  *--*--*  *--*--*--*  *  
    |  |  |  |  |     |  |     
 *--*--*  *--*  *  *  *--*--*  
 |              |  |  |        
 *--*--*--*  *--*--*--*--*--*  
             |        |  |     
 *  *  *--*  *  *  *--*  *--*  
 |  |     |     |     |  |  |  
 *  *  *  *--*  *--*  *  *  *  
    |  |     |  |  |     |     
 *  *--*  *--*  *--*  *  *--*  
 |     |     |  |        |  |  
 *--*--*--*--*--*--*--*--*--*--

 Face labeling...

  1,11, 1, 1, 1, 1,12,13,14, 3,
  1, 1, 1, 1, 1, 1, 9, 9,10, 3,
  1, 1, 1, 1, 1, 1, 1, 9, 3, 3,
  1, 1, 8, 8, 1, 1, 1, 9, 3, 3,
  1, 1, 1, 6, 1, 5, 5, 7, 3, 3,
  1, 1, 1, 1, 1, 5, 5, 3, 3, 3,
  1, 1, 1, 1, 1, 1, 1, 1, 3, 3,
  1, 1, 1, 1, 1, 1, 1, 1, 3, 3,
  1, 1, 1, 1, 1, 4, 1, 1, 3, 3,
  1, 1, 1, 1, 1, 1, 1, 1, 2, 3,

 Has spanning cluster

 After remove()
                               
 *--*--*--*--*--*--*--*--*--*--
                   |  |  |  |  
 *  *--*  *  *  *  *--*--*--*  
                   |     |  |  
 *  *  *  *  *  *  *--*  *--*  
                      |  |     
 *  *  *--*--*  *  *  *  *  *  
       |     |        |  |     
 *  *  *--*--*  *--*--*--*  *  
          |  |  |     |  |     
 *  *  *  *--*  *  *  *--*  *  
                |     |        
 *  *  *  *  *  *--*--*--*  *  
                         |     
 *  *  *  *  *  *  *  *  *  *  
                         |     
 *  *  *  *  *  *--*  *  *  *  
                |  |     |     
 *  *  *  *  *  *--*  *  *--*  
                         |  |  
 *--*--*--*--*--*--*--*--*--*--

 The backbone:
                               
 *--*--*--*--*--*--*--*--*--*--
                   |  |  |  |  
 *  *  *  *  *  *  *--*--*--*  
                   |     |  |  
 *  *  *  *  *  *  *--*  *--*  
                      |  |     
 *  *  *  *  *  *  *  *  *  *  
                      |  |     
 *  *  *  *  *  *--*--*--*  *  
                |     |  |     
 *  *  *  *  *  *  *  *--*  *  
                |     |        
 *  *  *  *  *  *--*--*--*  *  
                         |     
 *  *  *  *  *  *  *  *  *  *  
                         |     
 *  *  *  *  *  *  *  *  *  *  
                         |     
 *  *  *  *  *  *  *  *  *--*  
                         |  |  
 *--*--*--*--*--*--*--*--*--*--

 Vertice labeling...

  1, 1, 1, 1, 1, 1, 1, 1, 1, 1,
 51,52,52,53,54,55, 1, 1, 1, 1,
 45,46,47,48,49,50, 1, 1, 1, 1,
 40,41,34,34,34,42,43, 1, 1,44,
 37,38,34,34,34, 1, 1, 1, 1,39,
 31,32,33,34,34, 1,35, 1, 1,36,
 25,26,27,28,29, 1, 1, 1, 1,30,
 16,17,18,19,20,21,22,23, 1,24,
  9,10,11,12,13, 7, 7,14, 1,15,
  2, 3, 4, 5, 6, 7, 7, 8, 1, 1,
  1, 1, 1, 1, 1, 1, 1, 1, 1, 1,


 Sample            9  , trial            1
                               
 *--*--*--*--*--*--*--*--*--*--
 |  |           |  |     |  |  
 *  *  *--*--*  *  *--*--*  *  
 |  |           |        |     
 *--*--*  *--*  *--*  *  *--*  
 |  |  |        |  |           
 *  *  *--*  *--*  *  *--*--*  
 |  |  |  |              |     
 *  *  *--*  *  *  *--*  *  *  
 |     |     |  |              
 *  *  *  *--*  *--*  *  *  *  
       |     |        |  |     
 *--*--*--*  *  *  *--*  *--*  
    |     |  |        |     |  
 *--*--*--*  *  *  *  *--*  *  
       |  |        |  |        
 *  *  *--*--*--*--*--*  *  *  
    |  |  |  |  |     |        
 *--*--*--*  *  *  *--*--*  *  
    |  |  |     |  |  |  |  |  
 *--*--*--*--*--*--*--*--*--*--

 Face labeling...

 13, 8, 8, 8, 8, 8,14,14, 8, 8,
 13, 8, 8, 8, 8, 8, 8, 8, 8, 8,
  1, 1, 8, 8, 8, 8, 8, 8, 8, 8,
  1, 1,12, 8, 8, 8, 8, 8, 8, 8,
  1, 1, 8, 8, 8, 8, 8, 8, 8, 8,
  1, 1, 8, 8, 8, 8, 8, 8, 8, 8,
  1,11,11, 8, 8, 8, 8, 8, 8, 8,
  1, 1,10, 8, 8, 8, 8, 8, 8, 8,
  1, 1, 9, 4, 4, 5, 5, 8, 8, 8,
  1, 2, 3, 4, 4, 5, 6, 7, 8, 8,

 Has spanning cluster

 After remove()
                               
 *--*--*--*--*--*--*--*--*--*--
 |  |                          
 *  *  *  *  *  *  *--*--*  *  
 |  |                          
 *--*--*  *  *  *  *  *  *  *  
       |                       
 *  *  *--*  *  *  *  *  *  *  
       |  |                    
 *  *  *--*  *  *  *  *  *  *  
       |                       
 *  *  *  *  *  *  *  *  *  *  
       |                       
 *  *--*--*  *  *  *  *  *  *  
    |     |                    
 *  *--*--*  *  *  *  *  *  *  
       |  |                    
 *  *  *--*--*--*--*--*  *  *  
       |  |     |     |        
 *  *--*--*  *  *  *--*--*  *  
    |  |  |     |  |  |  |     
 *--*--*--*--*--*--*--*--*--*--

 The backbone:
                               
 *--*--*--*--*--*--*--*--*--*--
 |  |                          
 *  *  *  *  *  *  *  *  *  *  
 |  |                          
 *--*--*  *  *  *  *  *  *  *  
       |                       
 *  *  *--*  *  *  *  *  *  *  
       |  |                    
 *  *  *--*  *  *  *  *  *  *  
       |                       
 *  *  *  *  *  *  *  *  *  *  
       |                       
 *  *--*--*  *  *  *  *  *  *  
    |     |                    
 *  *--*--*  *  *  *  *  *  *  
       |  |                    
 *  *  *--*--*--*--*--*  *  *  
       |  |     |     |        
 *  *--*--*  *  *  *--*--*  *  
    |  |  |     |  |  |  |     
 *--*--*--*--*--*--*--*--*--*--

 Vertice labeling...

  1, 1, 1, 1, 1, 1, 1, 1, 1, 1,
  1, 1,54,55,56,57,58,58,58,59,
  1, 1, 1,47,48,49,50,51,52,53,
 39,40, 1, 1,41,42,43,44,45,46,
 31,32, 1, 1,33,34,35,36,37,38,
 22,23, 1,24,25,26,27,28,29,30,
 15, 1, 1, 1,16,17,18,19,20,21,
  8, 1, 1, 1, 9,10,11,12,13,14,
  4, 5, 1, 1, 1, 1, 1, 1, 6, 7,
  2, 1, 1, 1, 3, 1, 1, 1, 1, 1,
  1, 1, 1, 1, 1, 1, 1, 1, 1, 1,


 Sample           10  , trial            1
                               
 *--*--*--*--*--*--*--*--*--*--
    |  |     |  |     |        
 *--*--*  *  *  *--*--*  *  *  
    |  |  |  |     |  |        
 *  *--*  *--*  *  *  *  *--*  
 |     |        |  |  |     |  
 *  *--*--*  *--*  *  *  *  *  
 |        |  |  |  |           
 *  *  *--*--*--*  *  *  *--*  
    |  |     |           |     
 *--*--*  *--*--*--*--*--*  *  
 |     |  |  |  |  |  |     |  
 *  *--*--*  *  *--*--*  *  *  
 |  |     |  |        |  |     
 *--*--*--*--*--*--*--*  *  *  
 |  |  |           |     |     
 *--*--*  *--*  *  *  *--*  *  
 |              |     |     |  
 *  *--*--*  *  *--*--*--*--*  
    |     |  |        |  |     
 *--*--*--*--*--*--*--*--*--*--

 Face labeling...

  1,15, 1, 1, 1,16,16, 1, 1, 1,
  1,14, 1, 1, 1, 1, 1, 1, 1, 1,
  1, 1, 1, 1, 1, 1, 1, 1, 1, 1,
  1, 1, 1, 1,13, 1, 1, 1, 1, 1,
  1, 1,10,10, 1, 1, 1, 1, 1, 1,
  6, 6,10, 8, 9,11,12, 1, 1, 1,
  6, 7, 7, 8, 9, 9, 9, 1, 1, 1,
  4, 5, 1, 1, 1, 1, 1, 1, 1, 1,
  1, 1, 1, 1, 1, 1, 1, 1, 1, 1,
  1, 2, 2, 1, 1, 1, 1, 3, 1, 1,

 No spanning cluster

 Sample           10  , trial            2
                               
 *--*--*--*--*--*--*--*--*--*--
 |     |  |  |     |     |     
 *  *  *  *--*--*--*--*--*  *  
    |           |  |     |  |  
 *--*--*  *  *--*--*  *  *  *  
    |  |  |  |  |  |  |  |     
 *--*  *--*--*  *  *--*--*  *  
    |  |     |  |  |  |  |  |  
 *--*  *  *--*--*  *  *--*--*  
    |  |  |     |     |  |  |  
 *  *--*--*  *  *  *--*--*--*  
 |  |  |  |        |  |        
 *--*--*  *--*  *  *  *  *  *  
 |        |     |  |  |        
 *--*  *  *  *--*--*  *  *  *  
          |     |     |  |     
 *  *  *  *--*--*  *  *  *--*  
       |     |  |  |  |  |     
 *  *--*  *--*  *  *--*  *  *  
       |  |  |        |     |  
 *--*--*--*--*--*--*--*--*--*--

 Face labeling...

  1, 1, 1,15,16,16,17,17, 4, 4,
  1, 1, 1, 1, 1,14,13,13, 4, 4,
  1, 7, 1, 1,11, 5,13,13, 4, 4,
  1, 7, 8, 8,11, 5, 5,12, 4, 4,
  1, 7, 8, 5, 5, 5, 5, 9,10, 4,
  1, 6, 1, 5, 5, 5, 3, 4, 4, 4,
  1, 1, 1, 5, 5, 5, 3, 4, 4, 4,
  1, 1, 1, 5, 5, 3, 3, 4, 4, 4,
  1, 1, 1, 1, 3, 3, 3, 4, 4, 4,
  1, 1, 1, 2, 3, 3, 3, 4, 4, 4,

 Has spanning cluster

 After remove()
                               
 *--*--*--*--*--*--*--*--*--*--
          |  |     |     |     
 *  *  *  *--*--*--*--*--*  *  
                |  |     |     
 *  *--*  *  *--*--*  *  *  *  
    |  |     |  |  |     |     
 *  *  *--*--*  *  *--*--*  *  
    |  |     |  |     |  |     
 *  *  *  *--*--*  *  *--*--*  
    |  |  |           |  |  |  
 *  *--*--*  *  *  *--*--*--*  
    |  |  |        |  |        
 *  *--*  *  *  *  *  *  *  *  
          |        |  |        
 *  *  *  *  *  *--*  *  *  *  
          |     |     |        
 *  *  *  *--*--*  *  *  *  *  
             |        |        
 *  *  *  *--*  *  *  *  *  *  
          |  |        |        
 *--*--*--*--*--*--*--*--*--*--

 The backbone:
                               
 *--*--*--*--*--*--*--*--*--*--
          |  |     |     |     
 *  *  *  *--*--*--*--*--*  *  
                |  |     |     
 *  *--*  *  *--*--*  *  *  *  
    |  |     |  |  |     |     
 *  *  *--*--*  *  *--*--*  *  
    |  |     |  |     |  |     
 *  *  *  *--*--*  *  *--*--*  
    |  |  |           |  |  |  
 *  *--*--*  *  *  *--*--*--*  
    |  |  |        |  |        
 *  *--*  *  *  *  *  *  *  *  
          |        |  |        
 *  *  *  *  *  *--*  *  *  *  
          |     |     |        
 *  *  *  *--*--*  *  *  *  *  
             |        |        
 *  *  *  *--*  *  *  *  *  *  
          |  |        |        
 *--*--*--*--*--*--*--*--*--*--

 Vertice labeling...

  1, 1, 1, 1, 1, 1, 1, 1, 1, 1,
 37,38,39, 1, 1, 1, 1, 1, 1,40,
 33, 1, 1,34, 1, 1, 1,35, 1,36,
 31, 1, 1, 1, 1, 1, 1, 1, 1,32,
 29, 1, 1, 1, 1, 1,30, 1, 1, 1,
 26, 1, 1, 1,27,28, 1, 1, 1, 1,
 21, 1, 1, 1,22,23, 1, 1,24,25,
 15,16,17, 1,18, 1, 1, 1,19,20,
  9,10,11, 1, 1, 1,12, 1,13,14,
  2, 3, 4, 1, 1, 5, 6, 1, 7, 8,
  1, 1, 1, 1, 1, 1, 1, 1, 1, 1,

